c:\users\darius\documents\oop\bigproject\bigproject\x64\debug\uic\ui_mainwindow.h
c:\users\darius\documents\oop\bigproject\bigproject\x64\debug\rcc\qrc_mainwindow.cpp
c:\users\darius\documents\oop\bigproject\bigproject\x64\debug\moc\moc_mainwindow.cpp
c:\users\darius\documents\oop\bigproject\bigproject\x64\debug\moc_mainwindow.obj
c:\users\darius\documents\oop\bigproject\bigproject\x64\debug\qrc_mainwindow.obj
c:\users\darius\documents\oop\bigproject\bigproject\x64\debug\vc143.pdb
c:\users\darius\documents\oop\bigproject\bigproject\x64\debug\filerepository.obj
c:\users\darius\documents\oop\bigproject\bigproject\x64\debug\song.obj
c:\users\darius\documents\oop\bigproject\bigproject\x64\debug\repository.obj
c:\users\darius\documents\oop\bigproject\bigproject\x64\debug\main.obj
c:\users\darius\documents\oop\bigproject\bigproject\x64\debug\funct.obj
c:\users\darius\documents\oop\bigproject\bigproject\x64\debug\songcontroller.obj
c:\users\darius\documents\oop\bigproject\bigproject\x64\debug\mainwindow.obj
c:\users\darius\documents\oop\bigproject\x64\debug\bigproject.exe
c:\users\darius\documents\oop\bigproject\x64\debug\bigproject.ilk
c:\users\darius\documents\oop\bigproject\x64\debug\bigproject.pdb
c:\users\darius\documents\oop\bigproject\bigproject\x64\debug\bigproject.tlog\bigproject.write.1u.tlog
c:\users\darius\documents\oop\bigproject\bigproject\x64\debug\bigproject.tlog\cl.command.1.tlog
c:\users\darius\documents\oop\bigproject\bigproject\x64\debug\bigproject.tlog\cl.read.1.tlog
c:\users\darius\documents\oop\bigproject\bigproject\x64\debug\bigproject.tlog\cl.write.1.tlog
c:\users\darius\documents\oop\bigproject\bigproject\x64\debug\bigproject.tlog\link.command.1.tlog
c:\users\darius\documents\oop\bigproject\bigproject\x64\debug\bigproject.tlog\link.read.1.tlog
c:\users\darius\documents\oop\bigproject\bigproject\x64\debug\bigproject.tlog\link.write.1.tlog
c:\users\darius\documents\oop\bigproject\bigproject\x64\debug\bigproject.tlog\moc.read.1u.tlog
c:\users\darius\documents\oop\bigproject\bigproject\x64\debug\bigproject.tlog\moc.write.1u.tlog
c:\users\darius\documents\oop\bigproject\bigproject\x64\debug\bigproject.tlog\rcc.read.1u.tlog
c:\users\darius\documents\oop\bigproject\bigproject\x64\debug\bigproject.tlog\rcc.write.1u.tlog
c:\users\darius\documents\oop\bigproject\bigproject\x64\debug\bigproject.tlog\uic.read.1u.tlog
c:\users\darius\documents\oop\bigproject\bigproject\x64\debug\bigproject.tlog\uic.write.1u.tlog
